<?xml version="1.0" encoding="UTF-8" ?>
<testsuite failures="0" time="1.366" errors="0" skipped="0" tests="114" name="TestSuite">
  <properties>
    <property name="java.runtime.name" value="Java(TM) SE Runtime Environment"/>
    <property name="sun.boot.library.path" value="/System/Library/Java/JavaVirtualMachines/1.6.0.jdk/Contents/Libraries"/>
    <property name="java.vm.version" value="20.4-b02-402"/>
    <property name="awt.nativeDoubleBuffering" value="true"/>
    <property name="gopherProxySet" value="false"/>
    <property name="mrj.build" value="11D50b"/>
    <property name="java.vm.vendor" value="Apple Inc."/>
    <property name="java.vendor.url" value="http://www.apple.com/"/>
    <property name="path.separator" value=":"/>
    <property name="java.vm.name" value="Java HotSpot(TM) 64-Bit Server VM"/>
    <property name="file.encoding.pkg" value="sun.io"/>
    <property name="user.country" value="US"/>
    <property name="sun.java.launcher" value="SUN_STANDARD"/>
    <property name="sun.os.patch.level" value="unknown"/>
    <property name="java.vm.specification.name" value="Java Virtual Machine Specification"/>
    <property name="user.dir" value="/Users/reiz/workspace/ploinFaces"/>
    <property name="java.runtime.version" value="1.6.0_29-b11-402-11D50b"/>
    <property name="java.awt.graphicsenv" value="apple.awt.CGraphicsEnvironment"/>
    <property name="basedir" value="/Users/reiz/workspace/ploinFaces"/>
    <property name="java.endorsed.dirs" value="/System/Library/Java/JavaVirtualMachines/1.6.0.jdk/Contents/Home/lib/endorsed"/>
    <property name="os.arch" value="x86_64"/>
    <property name="surefire.real.class.path" value="/Users/reiz/workspace/ploinFaces/target/surefire/surefirebooter2682869194081042976.jar"/>
    <property name="java.io.tmpdir" value="/var/folders/lj/9wdngnb506zcz1_y48kwp7wh0000gn/T/"/>
    <property name="line.separator" value="
"/>
    <property name="java.vm.specification.vendor" value="Sun Microsystems Inc."/>
    <property name="os.name" value="Mac OS X"/>
    <property name="sun.jnu.encoding" value="MacRoman"/>
    <property name="java.library.path" value=".:/Library/Java/Extensions:/System/Library/Java/Extensions:/usr/lib/java"/>
    <property name="surefire.test.class.path" value="/Users/reiz/workspace/ploinFaces/target/test-classes:/Users/reiz/workspace/ploinFaces/target/classes:/Users/reiz/.m2/repository/org/testng/testng/5.9/testng-5.9-jdk15.jar:/Users/reiz/.m2/repository/junit/junit/3.8.1/junit-3.8.1.jar:/Users/reiz/.m2/repository/commons-logging/commons-logging/1.1/commons-logging-1.1.jar:/Users/reiz/.m2/repository/logkit/logkit/1.0.1/logkit-1.0.1.jar:/Users/reiz/.m2/repository/avalon-framework/avalon-framework/4.1.3/avalon-framework-4.1.3.jar:/Users/reiz/.m2/repository/commons-logging/commons-logging-api/1.1/commons-logging-api-1.1.jar:/Users/reiz/.m2/repository/log4j/log4j/1.2.15/log4j-1.2.15.jar:/Users/reiz/.m2/repository/dom4j/dom4j/1.6.1/dom4j-1.6.1.jar:/Users/reiz/.m2/repository/xml-apis/xml-apis/1.0.b2/xml-apis-1.0.b2.jar:/Users/reiz/.m2/repository/jaxen/jaxen/1.1.1/jaxen-1.1.1.jar:/Users/reiz/.m2/repository/jdom/jdom/1.0/jdom-1.0.jar:/Users/reiz/.m2/repository/xerces/xercesImpl/2.6.2/xercesImpl-2.6.2.jar:/Users/reiz/.m2/repository/xom/xom/1.0/xom-1.0.jar:/Users/reiz/.m2/repository/xerces/xmlParserAPIs/2.6.2/xmlParserAPIs-2.6.2.jar:/Users/reiz/.m2/repository/xalan/xalan/2.6.0/xalan-2.6.0.jar:/Users/reiz/.m2/repository/com/sun/faces/jsf-api/2.0.2/jsf-api-2.0.2.jar:/Users/reiz/.m2/repository/com/sun/faces/jsf-impl/2.0.2/jsf-impl-2.0.2.jar:/Users/reiz/.m2/repository/javax/servlet/servlet-api/2.5/servlet-api-2.5.jar:/Users/reiz/.m2/repository/javax/el/el-api/1.0/el-api-1.0.jar:"/>
    <property name="java.specification.name" value="Java Platform API Specification"/>
    <property name="java.class.version" value="50.0"/>
    <property name="sun.management.compiler" value="HotSpot 64-Bit Tiered Compilers"/>
    <property name="os.version" value="10.7.3"/>
    <property name="http.nonProxyHosts" value="local|*.local|169.254/16|*.169.254/16"/>
    <property name="user.home" value="/Users/reiz"/>
    <property name="user.timezone" value="America/Los_Angeles"/>
    <property name="java.awt.printerjob" value="apple.awt.CPrinterJob"/>
    <property name="java.specification.version" value="1.6"/>
    <property name="file.encoding" value="MacRoman"/>
    <property name="user.name" value="reiz"/>
    <property name="java.class.path" value="/Users/reiz/workspace/ploinFaces/target/test-classes:/Users/reiz/workspace/ploinFaces/target/classes:/Users/reiz/.m2/repository/org/testng/testng/5.9/testng-5.9-jdk15.jar:/Users/reiz/.m2/repository/junit/junit/3.8.1/junit-3.8.1.jar:/Users/reiz/.m2/repository/commons-logging/commons-logging/1.1/commons-logging-1.1.jar:/Users/reiz/.m2/repository/logkit/logkit/1.0.1/logkit-1.0.1.jar:/Users/reiz/.m2/repository/avalon-framework/avalon-framework/4.1.3/avalon-framework-4.1.3.jar:/Users/reiz/.m2/repository/commons-logging/commons-logging-api/1.1/commons-logging-api-1.1.jar:/Users/reiz/.m2/repository/log4j/log4j/1.2.15/log4j-1.2.15.jar:/Users/reiz/.m2/repository/dom4j/dom4j/1.6.1/dom4j-1.6.1.jar:/Users/reiz/.m2/repository/xml-apis/xml-apis/1.0.b2/xml-apis-1.0.b2.jar:/Users/reiz/.m2/repository/jaxen/jaxen/1.1.1/jaxen-1.1.1.jar:/Users/reiz/.m2/repository/jdom/jdom/1.0/jdom-1.0.jar:/Users/reiz/.m2/repository/xerces/xercesImpl/2.6.2/xercesImpl-2.6.2.jar:/Users/reiz/.m2/repository/xom/xom/1.0/xom-1.0.jar:/Users/reiz/.m2/repository/xerces/xmlParserAPIs/2.6.2/xmlParserAPIs-2.6.2.jar:/Users/reiz/.m2/repository/xalan/xalan/2.6.0/xalan-2.6.0.jar:/Users/reiz/.m2/repository/com/sun/faces/jsf-api/2.0.2/jsf-api-2.0.2.jar:/Users/reiz/.m2/repository/com/sun/faces/jsf-impl/2.0.2/jsf-impl-2.0.2.jar:/Users/reiz/.m2/repository/javax/servlet/servlet-api/2.5/servlet-api-2.5.jar:/Users/reiz/.m2/repository/javax/el/el-api/1.0/el-api-1.0.jar:"/>
    <property name="java.vm.specification.version" value="1.0"/>
    <property name="sun.arch.data.model" value="64"/>
    <property name="java.home" value="/System/Library/Java/JavaVirtualMachines/1.6.0.jdk/Contents/Home"/>
    <property name="sun.java.command" value="/Users/reiz/workspace/ploinFaces/target/surefire/surefirebooter2682869194081042976.jar /Users/reiz/workspace/ploinFaces/target/surefire/surefire4636690273197495020tmp /Users/reiz/workspace/ploinFaces/target/surefire/surefire4529887716576549601tmp"/>
    <property name="java.specification.vendor" value="Sun Microsystems Inc."/>
    <property name="user.language" value="en"/>
    <property name="awt.toolkit" value="apple.awt.CToolkit"/>
    <property name="java.vm.info" value="mixed mode"/>
    <property name="java.version" value="1.6.0_29"/>
    <property name="java.ext.dirs" value="/Library/Java/Extensions:/System/Library/Java/Extensions:/System/Library/Java/JavaVirtualMachines/1.6.0.jdk/Contents/Home/lib/ext"/>
    <property name="sun.boot.class.path" value="/System/Library/Java/JavaVirtualMachines/1.6.0.jdk/Contents/Classes/jsfd.jar:/System/Library/Java/JavaVirtualMachines/1.6.0.jdk/Contents/Classes/classes.jar:/System/Library/Frameworks/JavaVM.framework/Frameworks/JavaRuntimeSupport.framework/Resources/Java/JavaRuntimeSupport.jar:/System/Library/Java/JavaVirtualMachines/1.6.0.jdk/Contents/Classes/ui.jar:/System/Library/Java/JavaVirtualMachines/1.6.0.jdk/Contents/Classes/laf.jar:/System/Library/Java/JavaVirtualMachines/1.6.0.jdk/Contents/Classes/sunrsasign.jar:/System/Library/Java/JavaVirtualMachines/1.6.0.jdk/Contents/Classes/jsse.jar:/System/Library/Java/JavaVirtualMachines/1.6.0.jdk/Contents/Classes/jce.jar:/System/Library/Java/JavaVirtualMachines/1.6.0.jdk/Contents/Classes/charsets.jar"/>
    <property name="java.vendor" value="Apple Inc."/>
    <property name="localRepository" value="/Users/reiz/.m2/repository"/>
    <property name="file.separator" value="/"/>
    <property name="java.vendor.url.bug" value="http://bugreport.apple.com/"/>
    <property name="sun.cpu.endian" value="little"/>
    <property name="sun.io.unicode.encoding" value="UnicodeLittle"/>
    <property name="mrj.version" value="1070.1.6.0_29-402"/>
    <property name="socksNonProxyHosts" value="local|*.local|169.254/16|*.169.254/16"/>
    <property name="ftp.nonProxyHosts" value="local|*.local|169.254/16|*.169.254/16"/>
    <property name="sun.cpu.isalist" value=""/>
  </properties>
  <testcase time="0.002" classname="org.ploin.web.flow.FlowTest" name="checkEquals1"/>
  <testcase time="0" classname="org.ploin.web.flow.FlowTest" name="checkEquals2"/>
  <testcase time="0" classname="org.ploin.web.flow.FlowTest" name="checkEquals3"/>
  <testcase time="0" classname="org.ploin.web.flow.FlowTest" name="checkEquals4"/>
  <testcase time="0.001" classname="org.ploin.web.flow.FlowTest" name="checkEquals5"/>
  <testcase time="0" classname="org.ploin.web.flow.FlowTest" name="checkEquals6"/>
  <testcase time="0" classname="org.ploin.web.flow.FlowTest" name="getterAndSetterForIgnoreViews"/>
  <testcase time="0" classname="org.ploin.web.flow.FlowTest" name="checkEquals7"/>
  <testcase time="0" classname="org.ploin.web.flow.FlowTest" name="checkEquals8"/>
  <testcase time="0" classname="org.ploin.web.flow.FlowTest" name="getterAndSetterForAttributes"/>
  <testcase time="0.041" classname="org.ploin.web.phaselistener.JsfPhaseListener04Test" name="getterAndSetter"/>
  <testcase time="0.001" classname="org.ploin.web.phaselistener.JsfPhaseListener03Test" name="getterAndSetter"/>
  <testcase time="0.002" classname="org.ploin.web.phaselistener.JsfPhaseListener03Test" name="beforePhase1"/>
  <testcase time="0" classname="org.ploin.web.flow.FlowTest" name="getterAndSetterForViews"/>
  <testcase time="0" classname="org.ploin.web.flow.FlowTest" name="getterAndSetterForIncludeAuthoritys"/>
  <testcase time="0" classname="org.ploin.web.flow.FlowTest" name="addAttribute"/>
  <testcase time="0" classname="org.ploin.web.phaselistener.JsfPhaseListener02Test" name="getterAndSetter"/>
  <testcase time="0" classname="org.ploin.web.phaselistener.JsfPhaseListener02Test" name="beforePhase1"/>
  <testcase time="0.169" classname="org.ploin.web.phaselistener.JsfPhaseListener02Test" name="beforePhase2"/>
  <testcase time="0" classname="org.ploin.web.phaselistener.JsfPhaseListener04Test" name="beforePhase1"/>
  <testcase time="0.001" classname="org.ploin.web.flow.FlowTest" name="checkHashCode1"/>
  <testcase time="0" classname="org.ploin.web.flow.FlowTest" name="checkHashCode2"/>
  <testcase time="0" classname="org.ploin.web.flow.FlowTest" name="checkHashCode3"/>
  <testcase time="0" classname="org.ploin.web.flow.FlowControlTest" name="isViewInSet1"/>
  <testcase time="0" classname="org.ploin.web.flow.FlowControlTest" name="isViewInSet2"/>
  <testcase time="0" classname="org.ploin.web.flow.FlowControlTest" name="isViewInSet3"/>
  <testcase time="0" classname="org.ploin.web.phaselistener.JsfPhaseListener06Test" name="getterAndSetter"/>
  <testcase time="0" classname="org.ploin.web.flow.FlowTest" name="getterAndSetterForSubFlows"/>
  <testcase time="0" classname="org.ploin.web.flow.FlowTest" name="containAttribute"/>
  <testcase time="0" classname="org.ploin.web.phaselistener.JsfPhaseListener05Test" name="getterAndSetter"/>
  <testcase time="0" classname="org.ploin.web.flow.FlowTest" name="getterAndSetterForExcludeAuthoritys"/>
  <testcase time="0" classname="org.ploin.web.phaselistener.JsfPhaseListener01Test" name="getterAndSetter"/>
  <testcase time="0.006" classname="org.ploin.web.phaselistener.JsfPhaseListener01Test" name="beforePhase1"/>
  <testcase time="0" classname="org.ploin.web.phaselistener.JsfPhaseListener01Test" name="beforePhase2"/>
  <testcase time="0" classname="org.ploin.web.flow.FlowTest" name="addIncludeAuthoritys"/>
  <testcase time="0" classname="org.ploin.web.flow.FlowTest" name="containIncludeAuthoritys"/>
  <testcase time="0.005" classname="org.ploin.web.phaselistener.JsfPhaseListener06Test" name="beforePhase1"/>
  <testcase time="0" classname="org.ploin.web.flow.FlowControlTest" name="isViewNotInSet1"/>
  <testcase time="0" classname="org.ploin.web.flow.FlowControlTest" name="isViewNotInSet2"/>
  <testcase time="0.004" classname="org.ploin.web.phaselistener.JsfPhaseListener06Test" name="beforePhase2"/>
  <testcase time="0" classname="org.ploin.web.flow.FlowControlTest" name="isViewNotInSet3"/>
  <testcase time="0" classname="org.ploin.web.flow.FlowControlTest" name="isViewNotInSet4"/>
  <testcase time="0.001" classname="org.ploin.web.flow.FlowControlTest" name="isViewsInSubflows"/>
  <testcase time="0.001" classname="org.ploin.web.flow.FlowControlTest" name="isViewsInSubflows2"/>
  <testcase time="0" classname="org.ploin.web.flow.FlowControlTest" name="isViewsInSubflows3"/>
  <testcase time="0" classname="org.ploin.web.flow.FlowControlTest" name="isViewsInSubflows4"/>
  <testcase time="0" classname="org.ploin.web.flow.FlowControlTest" name="isViewsInSubflows5"/>
  <testcase time="0" classname="org.ploin.web.flow.FlowControlTest" name="isViewsInSubflows6"/>
  <testcase time="0" classname="org.ploin.web.flow.FlowControlTest" name="isViewsInSubflows7"/>
  <testcase time="0" classname="org.ploin.web.flow.FlowControlTest" name="getFlowById1"/>
  <testcase time="0" classname="org.ploin.web.flow.FlowControlTest" name="getFlowById2"/>
  <testcase time="0" classname="org.ploin.web.flow.FlowControlTest" name="getFlowById3"/>
  <testcase time="0" classname="org.ploin.web.flow.FlowControlTest" name="getFlowById4"/>
  <testcase time="0" classname="org.ploin.web.flow.FlowControlTest" name="getFlowById5"/>
  <testcase time="0" classname="org.ploin.web.flow.FlowControlTest" name="isViewInFlowPathPeek1"/>
  <testcase time="0.001" classname="org.ploin.web.flow.FlowControlTest" name="isViewInFlowPathPeek2"/>
  <testcase time="0.001" classname="org.ploin.web.flow.FlowControlTest" name="isViewInFlowPathPeek3"/>
  <testcase time="0" classname="org.ploin.web.flow.FlowControlTest" name="isViewInFlowPathPeek4"/>
  <testcase time="0" classname="org.ploin.web.flow.FlowControlTest" name="isViewInFlowPathPeek5"/>
  <testcase time="0.007" classname="org.ploin.web.flow.FlowControlTest" name="readFlows1"/>
  <testcase time="0" classname="org.ploin.web.flow.FlowTest" name="addViews"/>
  <testcase time="0.001" classname="org.ploin.web.flow.FlowTest" name="viewContains"/>
  <testcase time="0" classname="org.ploin.web.flow.FlowTest" name="addExcludeAuthoritys"/>
  <testcase time="0" classname="org.ploin.web.flow.FlowTest" name="containExcludeAuthoritys"/>
  <testcase time="0" classname="org.ploin.web.flow.FlowTest" name="addSubFlows"/>
  <testcase time="0" classname="org.ploin.web.phaselistener.JsfPhaseListener05Test" name="beforePhase1"/>
  <testcase time="0.004" classname="org.ploin.web.flow.FlowControlTest" name="leaveFlowAction1"/>
  <testcase time="0" classname="org.ploin.web.flow.FlowTest" name="addIgnoreViews"/>
  <testcase time="0" classname="org.ploin.web.flow.FlowTest" name="getterAndSetterForAfterLifecycleAction"/>
  <testcase time="0" classname="org.ploin.web.flow.FlowTest" name="getterAndSetterForBeforeLifecycleAction"/>
  <testcase time="0.001" classname="org.ploin.web.flow.FlowTest" name="getterAndSetterForAuthoritySource"/>
  <testcase time="0" classname="org.ploin.web.flow.FlowTest" name="getterAndSetterForFlowId"/>
  <testcase time="0" classname="org.ploin.web.flow.FlowTest" name="getterAndSetterForAccessDeniedPage"/>
  <testcase time="0" classname="org.ploin.web.flow.FlowTest" name="getterAndSetterForBeforeFlowAction"/>
  <testcase time="0" classname="org.ploin.web.flow.FlowTest" name="getterAndSetterForAppName"/>
  <testcase time="0" classname="org.ploin.web.flow.FlowTest" name="getterAndSetterForAfterFlowAction"/>
  <testcase time="0" classname="org.ploin.web.flow.FlowTest" name="getterAndSetterForDisableUrlNavigation"/>
  <testcase time="0" classname="org.ploin.web.phaselistener.BlockSavePhaseListenerTest" name="getPhaseId"/>
  <testcase time="0" classname="org.ploin.web.phaselistener.BlockSavePhaseListenerTest" name="afterPhase"/>
  <testcase time="0" classname="org.ploin.web.phaselistener.BlockSavePhaseListenerTest" name="getterAndSetter"/>
  <testcase time="0" classname="org.ploin.web.phaselistener.JsfPhaseListener01Test" name="getPhaseId"/>
  <testcase time="0" classname="org.ploin.web.phaselistener.JsfPhaseListener01Test" name="afterPhase"/>
  <testcase time="0" classname="org.ploin.web.phaselistener.JsfPhaseListener01Test" name="generateId"/>
  <testcase time="0" classname="org.ploin.web.phaselistener.JsfPhaseListener02Test" name="afterPhase"/>
  <testcase time="0" classname="org.ploin.web.phaselistener.JsfPhaseListener02Test" name="getPhaseId"/>
  <testcase time="0" classname="org.ploin.web.phaselistener.JsfPhaseListener03Test" name="getPhaseId"/>
  <testcase time="0.001" classname="org.ploin.web.phaselistener.JsfPhaseListener03Test" name="afterPhase"/>
  <testcase time="0" classname="org.ploin.web.phaselistener.JsfPhaseListener04Test" name="afterPhase"/>
  <testcase time="0" classname="org.ploin.web.phaselistener.JsfPhaseListener04Test" name="getPhaseId"/>
  <testcase time="0.001" classname="org.ploin.web.phaselistener.JsfPhaseListener05Test" name="afterPhase"/>
  <testcase time="0" classname="org.ploin.web.phaselistener.JsfPhaseListener05Test" name="getPhaseId"/>
  <testcase time="0" classname="org.ploin.web.phaselistener.JsfPhaseListener06Test" name="getPhaseId"/>
  <testcase time="0.001" classname="org.ploin.web.phaselistener.JsfPhaseListener06Test" name="afterPhase"/>
  <testcase time="0" classname="org.ploin.web.stack.StackTest" name="stackTest"/>
  <testcase time="0.028" classname="org.ploin.web.validator.EmailValidatorTest" name="validate2"/>
  <testcase time="0.004" classname="org.ploin.web.validator.EmailValidatorTest" name="validate0"/>
  <testcase time="0.001" classname="org.ploin.web.validator.EmailValidatorTest" name="validate1"/>
  <testcase time="0.002" classname="org.ploin.web.validator.HtmlKickerTest" name="validate2"/>
  <testcase time="0.012" classname="org.ploin.web.validator.HtmlKickerTest" name="validate0"/>
  <testcase time="0.001" classname="org.ploin.web.validator.HtmlKickerTest" name="validate1"/>
  <testcase time="0" classname="org.ploin.web.validator.NumberOnlyValidatorTest" name="validate1"/>
  <testcase time="0.005" classname="org.ploin.web.validator.NumberOnlyValidatorTest" name="validate0"/>
  <testcase time="0" classname="org.ploin.web.validator.NumberOnlyValidatorTest" name="validate3"/>
  <testcase time="0.002" classname="org.ploin.web.validator.NumberOnlyValidatorTest" name="validate2"/>
  <testcase time="0.005" classname="org.ploin.web.validator.NumberOnlyValidatorTest" name="validate5"/>
  <testcase time="0.004" classname="org.ploin.web.validator.NumberOnlyValidatorTest" name="validate4"/>
  <testcase time="0" classname="org.ploin.web.validator.NumberOnlyValidatorTest" name="validate6"/>
  <testcase time="0" classname="org.ploin.web.validator.PlzValidatorTest" name="validate1"/>
  <testcase time="0.002" classname="org.ploin.web.validator.PlzValidatorTest" name="validate0"/>
  <testcase time="0.016" classname="org.ploin.web.validator.PlzValidatorTest" name="validate3"/>
  <testcase time="0.007" classname="org.ploin.web.validator.PlzValidatorTest" name="validate2"/>
  <testcase time="0.002" classname="org.ploin.web.validator.PlzValidatorTest" name="validate5"/>
  <testcase time="0.008" classname="org.ploin.web.validator.PlzValidatorTest" name="validate4"/>
  <testcase time="0" classname="org.ploin.web.validator.PlzValidatorTest" name="validate6"/>
</testsuite>